****************************************
Report : timing
	-path_type full
	-delay_type min
	-max_paths 1
	-sort_by slack
Design : motion_estimator
Version: J-2014.12-SP3
Date   : Sun Dec 18 15:37:28 2016
****************************************

Warning: There are 9 invalid end points for constrained paths. (UITE-416)

  Startpoint: u7/Rpipe_reg[0]
               (rising edge-triggered flip-flop clocked by clk)
  Endpoint: u8/Rpipe_reg[0]
               (rising edge-triggered flip-flop clocked by clk)
  Last common pin: clk
  Path Group: clk
  Path Type: min

  Point                                    Incr       Path
  ---------------------------------------------------------------
  clock clk (rise edge)                    0.00       0.00
  clock network delay (propagated)         0.01       0.01
  u7/Rpipe_reg[0]/CLK (DFFX1_LVT)          0.00       0.01 r
  u7/Rpipe_reg[0]/Q (DFFX1_LVT)            0.08 *     0.09 r
  u8/Rpipe_reg[0]/D (DFFX1_LVT)            0.00 *     0.09 r
  data arrival time                                   0.09

  clock clk (rise edge)                    0.00       0.00
  clock network delay (propagated)         0.02       0.02
  clock reconvergence pessimism            0.00       0.02
  u8/Rpipe_reg[0]/CLK (DFFX1_LVT)                     0.02 r
  library hold time                        0.00 *     0.02
  data required time                                  0.02
  ---------------------------------------------------------------
  data required time                                  0.02
  data arrival time                                  -0.09
  ---------------------------------------------------------------
  slack (MET)                                         0.07


1
