Warning: Zero transition time will be used at to pins of annotated arcs. Delays on not annotated delay arcs will be estimated using best available slew.  (PTE-066)
Information: Using automatic max wire load selection group 'predcaps'. (ENV-003)
Information: Using automatic min wire load selection group 'predcaps'. (ENV-003)
Warning: Some timing arcs have been disabled for breaking timing loops
	or because of constant propagation. Use the 'report_disable_timing'
	command to get the list of these disabled timing arcs. (PTE-003)
Information: Zero transition time used at to pin of annotated arcs. Delays on not annotated delay arcs will be estimated using best available slew.  (PTE-054)
Information: Zero transition time used at to pin of annotated arcs. Delays on not annotated delay arcs will be estimated using best available slew.  (PTE-054)
****************************************
Report : timing
	-path_type full
	-delay_type max
	-max_paths 1
	-sort_by slack
Design : motion_estimator
Version: J-2014.12-SP3
Date   : Sun Dec 18 15:33:17 2016
****************************************

Warning: There are 9 invalid end points for constrained paths. (UITE-416)

  Startpoint: u22/count_reg[3]
               (rising edge-triggered flip-flop clocked by clk)
  Endpoint: u1/Accumulate_reg[3]
               (rising edge-triggered flip-flop clocked by clk)
  Last common pin: clk
  Path Group: clk
  Path Type: max

  Point                                    Incr       Path
  ---------------------------------------------------------------
  clock clk (rise edge)                    0.00       0.00
  clock network delay (propagated)         0.01       0.01
  u22/count_reg[3]/CLK (DFFX1_HVT)         0.00       0.01 r
  u22/count_reg[3]/QN (DFFX1_HVT)          0.13 *     0.14 r
  u22/U91/Y (NAND2X0_LVT)                  0.08 *     0.22 f
  U2/Y (INVX1_LVT)                         0.08 *     0.30 r
  u22/U108/Y (NAND2X0_LVT)                 0.11 *     0.41 f
  U5/Y (INVX1_LVT)                         0.08 *     0.49 r
  u22/U109/Y (NAND2X0_LVT)                 0.11 *     0.60 f
  U18/Y (INVX1_LVT)                        0.12 *     0.72 r
  u1/U36/Y (AO22X1_LVT)                    0.05 *     0.77 r
  u1/U43/Y (AND2X1_HVT)                    0.04 *     0.81 r
  u1/U44/Y (AND2X1_HVT)                    0.03 *     0.84 r
  u1/U45/Y (OA222X1_HVT)                   0.06 *     0.90 r
  u1/U46/Y (AO221X1_HVT)                   0.05 *     0.96 r
  u1/U47/Y (OA221X1_HVT)                   0.05 *     1.00 r
  u1/U48/Y (AO221X1_HVT)                   0.06 *     1.06 r
  u1/U49/Y (OA221X1_HVT)                   0.05 *     1.11 r
  u1/U50/Y (AO21X1_HVT)                    0.04 *     1.15 r
  u1/U33/Y (AOI22X1_LVT)                   0.06 *     1.21 f
  u1/U1/Y (INVX1_LVT)                      0.04 *     1.25 r
  u1/U40/Y (AO22X1_LVT)                    0.05 *     1.30 r
  u1/add_22/U1/Y (AND2X1_LVT)              0.03 *     1.32 r
  u1/add_22/U1_1/CO (FADDX1_HVT)           0.07 *     1.39 r
  u1/add_22/U1_2/CO (FADDX1_HVT)           0.07 *     1.46 r
  u1/add_22/U1_3/CO (FADDX1_HVT)           0.07 *     1.52 r
  u1/add_22/U1_4/CO (FADDX1_HVT)           0.07 *     1.59 r
  u1/add_22/U1_5/CO (FADDX1_HVT)           0.07 *     1.67 r
  u1/add_22/U1_6/CO (FADDX1_HVT)           0.07 *     1.74 r
  u1/add_22/U1_7/CO (FADDX1_HVT)           0.06 *     1.80 r
  u1/U26/Y (AND2X1_LVT)                    0.04 *     1.84 r
  u1/U23/Y (AO221X1_LVT)                   0.05 *     1.89 r
  u1/Accumulate_reg[3]/D (DFFX1_HVT)       0.00 *     1.89 r
  data arrival time                                   1.89

  clock clk (rise edge)                    3.84       3.84
  clock network delay (propagated)         0.01       3.85
  clock reconvergence pessimism            0.00       3.85
  u1/Accumulate_reg[3]/CLK (DFFX1_HVT)                3.85 r
  library setup time                      -0.04 *     3.81
  data required time                                  3.81
  ---------------------------------------------------------------
  data required time                                  3.81
  data arrival time                                  -1.89
  ---------------------------------------------------------------
  slack (MET)                                         1.92


1
Warning: Zero transition time will be used at to pins of annotated arcs. Delays on not annotated delay arcs will be estimated using best available slew.  (PTE-066)
Information: Using automatic max wire load selection group 'predcaps'. (ENV-003)
Information: Using automatic min wire load selection group 'predcaps'. (ENV-003)
Warning: Some timing arcs have been disabled for breaking timing loops
	or because of constant propagation. Use the 'report_disable_timing'
	command to get the list of these disabled timing arcs. (PTE-003)
Information: Zero transition time used at to pin of annotated arcs. Delays on not annotated delay arcs will be estimated using best available slew.  (PTE-054)
Information: Zero transition time used at to pin of annotated arcs. Delays on not annotated delay arcs will be estimated using best available slew.  (PTE-054)
****************************************
Report : timing
	-path_type full
	-delay_type max
	-max_paths 1
	-sort_by slack
Design : motion_estimator
Version: J-2014.12-SP3
Date   : Sun Dec 18 15:37:28 2016
****************************************

Warning: There are 9 invalid end points for constrained paths. (UITE-416)

  Startpoint: u22/count_reg[3]
               (rising edge-triggered flip-flop clocked by clk)
  Endpoint: u1/Accumulate_reg[3]
               (rising edge-triggered flip-flop clocked by clk)
  Last common pin: clk
  Path Group: clk
  Path Type: max

  Point                                    Incr       Path
  ---------------------------------------------------------------
  clock clk (rise edge)                    0.00       0.00
  clock network delay (propagated)         0.01       0.01
  u22/count_reg[3]/CLK (DFFX1_HVT)         0.00       0.01 r
  u22/count_reg[3]/QN (DFFX1_HVT)          0.13 *     0.14 r
  u22/U91/Y (NAND2X0_LVT)                  0.08 *     0.22 f
  U2/Y (INVX1_LVT)                         0.08 *     0.30 r
  u22/U108/Y (NAND2X0_LVT)                 0.11 *     0.41 f
  U5/Y (INVX1_LVT)                         0.08 *     0.49 r
  u22/U109/Y (NAND2X0_LVT)                 0.11 *     0.60 f
  U18/Y (INVX1_LVT)                        0.12 *     0.72 r
  u1/U36/Y (AO22X1_LVT)                    0.05 *     0.77 r
  u1/U43/Y (AND2X1_HVT)                    0.04 *     0.81 r
  u1/U44/Y (AND2X1_HVT)                    0.03 *     0.84 r
  u1/U45/Y (OA222X1_HVT)                   0.06 *     0.90 r
  u1/U46/Y (AO221X1_HVT)                   0.05 *     0.96 r
  u1/U47/Y (OA221X1_HVT)                   0.05 *     1.00 r
  u1/U48/Y (AO221X1_HVT)                   0.06 *     1.06 r
  u1/U49/Y (OA221X1_HVT)                   0.05 *     1.11 r
  u1/U50/Y (AO21X1_HVT)                    0.04 *     1.15 r
  u1/U33/Y (AOI22X1_LVT)                   0.06 *     1.21 f
  u1/U1/Y (INVX1_LVT)                      0.04 *     1.25 r
  u1/U40/Y (AO22X1_LVT)                    0.05 *     1.30 r
  u1/add_22/U1/Y (AND2X1_LVT)              0.03 *     1.32 r
  u1/add_22/U1_1/CO (FADDX1_HVT)           0.07 *     1.39 r
  u1/add_22/U1_2/CO (FADDX1_HVT)           0.07 *     1.46 r
  u1/add_22/U1_3/CO (FADDX1_HVT)           0.07 *     1.52 r
  u1/add_22/U1_4/CO (FADDX1_HVT)           0.07 *     1.59 r
  u1/add_22/U1_5/CO (FADDX1_HVT)           0.07 *     1.67 r
  u1/add_22/U1_6/CO (FADDX1_HVT)           0.07 *     1.74 r
  u1/add_22/U1_7/CO (FADDX1_HVT)           0.06 *     1.80 r
  u1/U26/Y (AND2X1_LVT)                    0.04 *     1.84 r
  u1/U23/Y (AO221X1_LVT)                   0.05 *     1.89 r
  u1/Accumulate_reg[3]/D (DFFX1_HVT)       0.00 *     1.89 r
  data arrival time                                   1.89

  clock clk (rise edge)                    3.84       3.84
  clock network delay (propagated)         0.01       3.85
  clock reconvergence pessimism            0.00       3.85
  u1/Accumulate_reg[3]/CLK (DFFX1_HVT)                3.85 r
  library setup time                      -0.04 *     3.81
  data required time                                  3.81
  ---------------------------------------------------------------
  data required time                                  3.81
  data arrival time                                  -1.89
  ---------------------------------------------------------------
  slack (MET)                                         1.92


1
