****************************************
Report : timing
	-path_type full
	-delay_type max
	-input_pins
	-nets
	-max_paths 1
	-transition_time
	-capacitance
	-sort_by slack
Design : motion_estimator
Version: J-2014.12-SP3
Date   : Sun Dec 18 15:21:49 2016
****************************************

Warning: There are 9 invalid end points for constrained paths. (UITE-416)

  Startpoint: u22/count_reg[3]
               (rising edge-triggered flip-flop clocked by clk)
  Endpoint: u1/Accumulate_reg[1]
               (rising edge-triggered flip-flop clocked by clk)
  Path Group: clk
  Path Type: max

  Point                       Fanout    Cap      Trans       Incr       Path
  -----------------------------------------------------------------------------
  clock clk (rise edge)                           0.00       0.00       0.00
  clock network delay (ideal)                                0.00       0.00
  u22/count_reg[3]/CLK (DFFX1_HVT)                0.00       0.00       0.00 r
  u22/count_reg[3]/QN (DFFX1_HVT)                 0.04       0.09       0.09 r
  u22/n26 (net)                  4     2.63 
  u22/U91/A2 (NAND2X0_LVT)                        0.04       0.00       0.09 r
  u22/U91/Y (NAND2X0_LVT)                         0.09       0.06       0.15 f
  u22/S1S2mux[4] (net)          10     5.47 
  u22/U67/A (INVX1_LVT)                           0.09       0.00       0.15 f
  u22/U67/Y (INVX1_LVT)                           0.06       0.03       0.18 r
  u22/n57 (net)                  3     1.84 
  u22/U108/A1 (NAND2X0_LVT)                       0.06       0.00       0.18 r
  u22/U108/Y (NAND2X0_LVT)                        0.10       0.06       0.24 f
  u22/S1S2mux[2] (net)          10     5.47 
  u22/U92/A (INVX1_LVT)                           0.10       0.00       0.24 f
  u22/U92/Y (INVX1_LVT)                           0.06       0.03       0.27 r
  u22/n56 (net)                  2     1.22 
  u22/U109/A1 (NAND2X0_LVT)                       0.06       0.00       0.27 r
  u22/U109/Y (NAND2X0_LVT)                        0.10       0.06       0.33 f
  u22/S1S2mux[1] (net)          10     5.47 
  u1/U16/A (INVX1_LVT)                            0.10       0.00       0.33 f
  u1/U16/Y (INVX1_LVT)                            0.07       0.04       0.37 r
  u1/n24 (net)                   8     4.40 
  u1/U36/A4 (AO22X1_LVT)                          0.07       0.00       0.37 r
  u1/U36/Y (AO22X1_LVT)                           0.04       0.04       0.41 r
  u1/SelS[0] (net)               4     3.13 
  u1/U43/A1 (AND2X1_HVT)                          0.04       0.00       0.41 r
  u1/U43/Y (AND2X1_HVT)                           0.02       0.04       0.45 r
  u1/n6 (net)                    2     1.07 
  u1/U44/A1 (AND2X1_HVT)                          0.02       0.00       0.45 r
  u1/U44/Y (AND2X1_HVT)                           0.02       0.03       0.48 r
  u1/n7 (net)                    1     0.47 
  u1/U45/A4 (OA222X1_HVT)                         0.02       0.00       0.48 r
  u1/U45/Y (OA222X1_HVT)                          0.03       0.06       0.54 r
  u1/n8 (net)                    1     0.53 
  u1/U46/A5 (AO221X1_HVT)                         0.03       0.00       0.54 r
  u1/U46/Y (AO221X1_HVT)                          0.03       0.05       0.59 r
  u1/n9 (net)                    1     0.49 
  u1/U47/A5 (OA221X1_HVT)                         0.03       0.00       0.59 r
  u1/U47/Y (OA221X1_HVT)                          0.03       0.05       0.64 r
  u1/n10 (net)                   1     0.53 
  u1/U48/A5 (AO221X1_HVT)                         0.03       0.00       0.64 r
  u1/U48/Y (AO221X1_HVT)                          0.03       0.05       0.69 r
  u1/n11 (net)                   1     0.49 
  u1/U49/A5 (OA221X1_HVT)                         0.03       0.00       0.69 r
  u1/U49/Y (OA221X1_HVT)                          0.03       0.05       0.73 r
  u1/n13 (net)                   1     0.51 
  u1/U50/A3 (AO21X1_HVT)                          0.03       0.00       0.73 r
  u1/U50/Y (AO21X1_HVT)                           0.03       0.03       0.77 r
  u1/n15 (net)                   1     0.53 
  u1/U33/A3 (AOI22X1_LVT)                         0.03       0.00       0.77 r
  u1/U33/Y (AOI22X1_LVT)                          0.04       0.05       0.82 f
  u1/n4 (net)                    9     4.72 
  u1/U18/A (INVX1_LVT)                            0.04       0.00       0.82 f
  u1/U18/Y (INVX1_LVT)                            0.03       0.03       0.85 r
  u1/n5 (net)                    8     4.36 
  u1/U40/A4 (AO22X1_LVT)                          0.03       0.00       0.85 r
  u1/U40/Y (AO22X1_LVT)                           0.03       0.04       0.88 r
  u1/difference[0] (net)         3     2.08 
  u1/add_22/U1/A2 (AND2X1_LVT)                    0.03       0.00       0.88 r
  u1/add_22/U1/Y (AND2X1_LVT)                     0.02       0.03       0.91 r
  u1/add_22/carry[1] (net)       1     1.59 
  u1/add_22/U1_1/CI (FADDX1_HVT)                  0.02       0.00       0.91 r
  u1/add_22/U1_1/CO (FADDX1_HVT)                  0.04       0.06       0.97 r
  u1/add_22/carry[2] (net)       1     1.59 
  u1/add_22/U1_2/CI (FADDX1_HVT)                  0.04       0.00       0.97 r
  u1/add_22/U1_2/CO (FADDX1_HVT)                  0.04       0.07       1.04 r
  u1/add_22/carry[3] (net)       1     1.59 
  u1/add_22/U1_3/CI (FADDX1_HVT)                  0.04       0.00       1.04 r
  u1/add_22/U1_3/CO (FADDX1_HVT)                  0.04       0.07       1.10 r
  u1/add_22/carry[4] (net)       1     1.59 
  u1/add_22/U1_4/CI (FADDX1_HVT)                  0.04       0.00       1.10 r
  u1/add_22/U1_4/CO (FADDX1_HVT)                  0.04       0.07       1.17 r
  u1/add_22/carry[5] (net)       1     1.59 
  u1/add_22/U1_5/CI (FADDX1_HVT)                  0.04       0.00       1.17 r
  u1/add_22/U1_5/CO (FADDX1_HVT)                  0.04       0.07       1.23 r
  u1/add_22/carry[6] (net)       1     1.59 
  u1/add_22/U1_6/CI (FADDX1_HVT)                  0.04       0.00       1.23 r
  u1/add_22/U1_6/CO (FADDX1_HVT)                  0.04       0.07       1.30 r
  u1/add_22/carry[7] (net)       1     1.59 
  u1/add_22/U1_7/CI (FADDX1_HVT)                  0.04       0.00       1.30 r
  u1/add_22/U1_7/CO (FADDX1_HVT)                  0.03       0.06       1.36 r
  u1/add_22/SUM[8] (net)         1     0.58 
  u1/U26/A1 (AND2X1_LVT)                          0.03       0.00       1.36 r
  u1/U26/Y (AND2X1_LVT)                           0.03       0.04       1.39 r
  u1/n26 (net)                   8     4.37 
  u1/U25/A5 (AO221X1_LVT)                         0.03       0.00       1.39 r
  u1/U25/Y (AO221X1_LVT)                          0.03       0.04       1.43 r
  u1/AccumulateIn[1] (net)       1     0.53 
  u1/Accumulate_reg[1]/D (DFFX1_HVT)              0.03       0.00       1.43 r
  data arrival time                                                     1.43

  clock clk (rise edge)                           0.00       3.84       3.84
  clock network delay (ideal)                                0.00       3.84
  clock reconvergence pessimism                              0.00       3.84
  u1/Accumulate_reg[1]/CLK (DFFX1_HVT)                                  3.84 r
  library setup time                                        -0.04       3.80
  data required time                                                    3.80
  -----------------------------------------------------------------------------
  data required time                                                    3.80
  data arrival time                                                    -1.43
  -----------------------------------------------------------------------------
  slack (MET)                                                           2.36


1
